<?xml version="1.0" encoding="UTF-8"?>
<!-- Generated by org.testng.reporters.JUnitReportReporter -->
<testsuite hostname="D-113194529" failures="0" tests="1" name="AutomationSiteDemoTests.AutomationDemoSiteFramesTest" time="10.398" errors="0" timestamp="08 Jun 2020 10:32:40 GMT" skipped="0">
  <testcase classname="AutomationSiteDemoTests.AutomationDemoSiteFramesTest" name="FramesValidationscript" time="10.398"/>
</testsuite> <!-- AutomationSiteDemoTests.AutomationDemoSiteFramesTest -->
