<?xml version="1.0" encoding="UTF-8"?>
<!-- Generated by org.testng.reporters.JUnitReportReporter -->
<testsuite hostname="D-113194529" failures="0" tests="1" name="AutomationSiteDemoTests.AutomationDemoSiteSelectable" time="11.938" errors="0" timestamp="08 Jun 2020 12:05:18 GMT" skipped="0">
  <testcase classname="AutomationSiteDemoTests.AutomationDemoSiteSelectable" name="WindowsTypeValidation" time="11.938"/>
</testsuite> <!-- AutomationSiteDemoTests.AutomationDemoSiteSelectable -->
